<?xml version="1.0" encoding="UTF-8"?>
<testsuite xmlns:xsi="http://www.w3.org/2001/XMLSchema-instance" xsi:noNamespaceSchemaLocation="https://maven.apache.org/surefire/maven-surefire-plugin/xsd/surefire-test-report-3.0.xsd" version="3.0" name="uk.gov.dwp.uc.pairtest.domain.TicketProcessorTests" time="0.69" tests="3" errors="0" skipped="0" failures="0">
  <properties>
[...]
</properties>
  <testcase name="testProcessTickets_CalculatesCorrectCostAndSeats" classname="uk.gov.dwp.uc.pairtest.domain.TicketProcessorTests" time="0.612">
    <system-out><![CDATA[22:34:03.263 [main] INFO uk.gov.dwp.uc.pairtest.services.TicketProcessor -- Processing ticket requests...
]]></system-out>
  </testcase>
  <testcase name="testProcessTickets_OnlyInfants" classname="uk.gov.dwp.uc.pairtest.domain.TicketProcessorTests" time="0.004">
    <system-out><![CDATA[22:34:03.431 [main] INFO uk.gov.dwp.uc.pairtest.services.TicketProcessor -- Processing ticket requests...
]]></system-out>
  </testcase>
  <testcase name="testProcessTickets_OnlyAdults" classname="uk.gov.dwp.uc.pairtest.domain.TicketProcessorTests" time="0.005">
    <system-out><![CDATA[22:34:03.446 [main] INFO uk.gov.dwp.uc.pairtest.services.TicketProcessor -- Processing ticket requests...
]]></system-out>
  </testcase>
</testsuite>